<?xml version="1.0" encoding="UTF-8"?>
<!-- Generated by org.testng.reporters.JUnitReportReporter -->
<testsuite hostname="SameerPatan" failures="0" tests="2" name="testcase.myReadExcelDataIntoTC2" time="14.014" errors="0" timestamp="2023-05-08T03:25:01 IST" skipped="0">
  <testcase classname="testcase.myReadExcelDataIntoTC2" name="UserLoginTest" time="5.620"/>
  <system-out/>
  <testcase classname="testcase.myReadExcelDataIntoTC2" name="UserLoginTest" time="8.394"/>
  <system-out/>
</testsuite> <!-- testcase.myReadExcelDataIntoTC2 -->
