<?xml version="1.0" encoding="UTF-8"?>
<!-- Generated by org.testng.reporters.JUnitReportReporter -->
<testsuite hostname="SameerPatan" failures="0" tests="1" name="testcase.myFirstTestWithFM" time="15.949" errors="0" timestamp="2023-05-05T04:51:00 IST" skipped="0">
  <testcase classname="testcase.myFirstTestWithFM" name="LoginTest" time="15.949"/>
  <system-out/>
</testsuite> <!-- testcase.myFirstTestWithFM -->
